<?xml version="1.0" encoding="UTF-8"?>
<testsuites>
  <testsuite name="rmarkdown" timestamp="2025-03-30T05:56:25Z" hostname="c5022014c04e" tests="1" skipped="1" failures="0" errors="0" time="0.322">
    <testcase time="0.322" classname="rmarkdown" name="rmarkdown_engine_works">
      <skipped message="Reason: On CRAN ('test-rmarkdown.R:4:3')"/>
    </testcase>
  </testsuite>
  <testsuite name="run_sas" timestamp="2025-03-30T05:56:26Z" hostname="c5022014c04e" tests="3" skipped="3" failures="0" errors="0" time="0.122">
    <testcase time="0.069" classname="run_sas" name="run_sas_call_the_correct_method">
      <skipped message="Reason: On CRAN ('test-run_sas.R:4:3')"/>
    </testcase>
    <testcase time="0.0269999999999999" classname="run_sas" name="df2sd_call_the_correct_method">
      <skipped message="Reason: On CRAN ('test-run_sas.R:9:3')"/>
    </testcase>
    <testcase time="0.026" classname="run_sas" name="sd2df_call_the_correct_method">
      <skipped message="Reason: On CRAN ('test-run_sas.R:15:3')"/>
    </testcase>
  </testsuite>
  <testsuite name="sascfg" timestamp="2025-03-30T05:56:26Z" hostname="c5022014c04e" tests="1" skipped="0" failures="0" errors="0" time="3.129">
    <testcase time="3.129" classname="sascfg" name="sascfg_creates_sas_configuration_file"/>
  </testsuite>
  <testsuite name="session" timestamp="2025-03-30T05:56:29Z" hostname="c5022014c04e" tests="1" skipped="0" failures="0" errors="0" time="0.011">
    <testcase time="0.0110000000000001" classname="session" name="get_sas_session_returns_the_.sas_session"/>
  </testsuite>
  <testsuite name="utils" timestamp="2025-03-30T05:56:29Z" hostname="c5022014c04e" tests="15" skipped="1" failures="0" errors="0" time="0.097">
    <testcase time="0.0129999999999999" classname="utils" name="validate_data_will_give_errors_if_._exist"/>
    <testcase time="0.00100000000000033" classname="utils" name="validate_data_will_give_errors_if_._exist"/>
    <testcase time="0.0119999999999996" classname="utils" name="validate_data_drop_row_names_and_give_warnings"/>
    <testcase time="0.00300000000000011" classname="utils" name="validate_data_drop_row_names_and_give_warnings"/>
    <testcase time="0.00399999999999956" classname="utils" name="validate_sascfg_works_if_file_exists"/>
    <testcase time="0.00700000000000056" classname="utils" name="validate_sascfg_warns_if_given_NULL"/>
    <testcase time="0.00800000000000001" classname="utils" name="validate_sascfg_errors_if_given_non_existing_file"/>
    <testcase time="0.00499999999999989" classname="utils" name="get_sas_cfg_works_as_expected"/>
    <testcase time="0.000999999999999446" classname="utils" name="get_sas_cfg_works_as_expected">
      <skipped message="Reason: On CRAN ('test-utils.R:58:3')"/>
    </testcase>
    <testcase time="0.016" classname="utils" name="install_saspy_works"/>
    <testcase time="0.00499999999999989" classname="utils" name="install_saspy_works"/>
    <testcase time="0.00600000000000023" classname="utils" name="get_sas_session_works"/>
    <testcase time="0.00399999999999956" classname="utils" name="get_sas_session_works"/>
    <testcase time="0.00600000000000023" classname="utils" name="sas_session_works"/>
    <testcase time="0.00600000000000023" classname="utils" name="get_sas_cfg_works"/>
  </testsuite>
</testsuites>
