<?xml version="1.0" encoding="UTF-8"?>
<testsuites>
  <testsuite name="rmarkdown" timestamp="2025-02-20T13:08:00Z" hostname="c785888b119d" tests="1" skipped="1" failures="0" errors="0" time="0.325">
    <testcase time="0.325" classname="rmarkdown" name="rmarkdown_engine_works">
      <skipped message="Reason: On CRAN ('test-rmarkdown.R:4:3')"/>
    </testcase>
  </testsuite>
  <testsuite name="run_sas" timestamp="2025-02-20T13:08:01Z" hostname="c785888b119d" tests="3" skipped="3" failures="0" errors="0" time="0.119">
    <testcase time="0.0589999999999999" classname="run_sas" name="run_sas_call_the_correct_method">
      <skipped message="Reason: On CRAN ('test-run_sas.R:4:3')"/>
    </testcase>
    <testcase time="0.034" classname="run_sas" name="df2sd_call_the_correct_method">
      <skipped message="Reason: On CRAN ('test-run_sas.R:9:3')"/>
    </testcase>
    <testcase time="0.026" classname="run_sas" name="sd2df_call_the_correct_method">
      <skipped message="Reason: On CRAN ('test-run_sas.R:15:3')"/>
    </testcase>
  </testsuite>
  <testsuite name="sascfg" timestamp="2025-02-20T13:08:01Z" hostname="c785888b119d" tests="1" skipped="1" failures="0" errors="0" time="0.132">
    <testcase time="0.132" classname="sascfg" name="sascfg_creates_sas_configuration_file">
      <skipped message="Reason: py_available(TRUE) is not TRUE ('test-sascfg.R:4:3')"/>
    </testcase>
  </testsuite>
  <testsuite name="session" timestamp="2025-02-20T13:08:01Z" hostname="c785888b119d" tests="1" skipped="0" failures="0" errors="0" time="0.016">
    <testcase time="0.016" classname="session" name="get_sas_session_returns_the_.sas_session"/>
  </testsuite>
  <testsuite name="utils" timestamp="2025-02-20T13:08:01Z" hostname="c785888b119d" tests="15" skipped="1" failures="0" errors="0" time="0.097">
    <testcase time="0.0150000000000001" classname="utils" name="validate_data_will_give_errors_if_._exist"/>
    <testcase time="0.002" classname="utils" name="validate_data_will_give_errors_if_._exist"/>
    <testcase time="0.00800000000000001" classname="utils" name="validate_data_drop_row_names_and_give_warnings"/>
    <testcase time="0.00199999999999978" classname="utils" name="validate_data_drop_row_names_and_give_warnings"/>
    <testcase time="0.00500000000000012" classname="utils" name="validate_sascfg_works_if_file_exists"/>
    <testcase time="0.0069999999999999" classname="utils" name="validate_sascfg_warns_if_given_NULL"/>
    <testcase time="0.00800000000000001" classname="utils" name="validate_sascfg_errors_if_given_non_existing_file"/>
    <testcase time="0.00500000000000012" classname="utils" name="get_sas_cfg_works_as_expected"/>
    <testcase time="0.00099999999999989" classname="utils" name="get_sas_cfg_works_as_expected">
      <skipped message="Reason: On CRAN ('test-utils.R:58:3')"/>
    </testcase>
    <testcase time="0.0170000000000001" classname="utils" name="install_saspy_works"/>
    <testcase time="0.004" classname="utils" name="install_saspy_works"/>
    <testcase time="0.00600000000000001" classname="utils" name="get_sas_session_works"/>
    <testcase time="0.004" classname="utils" name="get_sas_session_works"/>
    <testcase time="0.0069999999999999" classname="utils" name="sas_session_works"/>
    <testcase time="0.00600000000000001" classname="utils" name="get_sas_cfg_works"/>
  </testsuite>
</testsuites>
